<?xml version="1.0" encoding="utf-8"?><testsuites name="pytest tests"><testsuite name="pytest" errors="0" failures="0" skipped="0" tests="18" time="4.785" timestamp="2026-07-15T17:23:54.332233+00:00" hostname="agent-env-d998bfbb-c067-405d-8ce4-f1202ccfb942"><testcase classname="backend.tests.test_daftari_v2.TestPublicConfig" name="test_config_no_auth" time="0.232" /><testcase classname="backend.tests.test_daftari_v2.TestAuthRoles" name="test_super_admin_role_and_active" time="0.301" /><testcase classname="backend.tests.test_daftari_v2.TestAuthRoles" name="test_owner_role_and_active" time="0.268" /><testcase classname="backend.tests.test_daftari_v2.TestAuthRoles" name="test_new_owner_registration_role" time="0.272" /><testcase classname="backend.tests.test_daftari_v2.TestAdminEndpoints" name="test_admin_list_users" time="0.048" /><testcase classname="backend.tests.test_daftari_v2.TestAdminEndpoints" name="test_owner_cannot_list_admin_users" time="0.054" /><testcase classname="backend.tests.test_daftari_v2.TestAdminEndpoints" name="test_admin_activate_deactivate_flow" time="0.779" /><testcase classname="backend.tests.test_daftari_v2.TestAdminEndpoints" name="test_admin_reset_password" time="1.128" /><testcase classname="backend.tests.test_daftari_v2.TestAdminEndpoints" name="test_owner_cannot_reset_password" time="0.056" /><testcase classname="backend.tests.test_daftari_v2.TestSettings" name="test_get_settings_auto_creates" time="0.060" /><testcase classname="backend.tests.test_daftari_v2.TestSettings" name="test_update_settings" time="0.093" /><testcase classname="backend.tests.test_daftari_v2.TestStaff" name="test_staff_created_role_and_parent" time="0.596" /><testcase classname="backend.tests.test_daftari_v2.TestStaff" name="test_list_staff_owner_sees_own" time="0.050" /><testcase classname="backend.tests.test_daftari_v2.TestStaff" name="test_employee_cannot_list_staff" time="0.050" /><testcase classname="backend.tests.test_daftari_v2.TestStaff" name="test_employee_cannot_access_settings_put" time="0.051" /><testcase classname="backend.tests.test_daftari_v2.TestStaff" name="test_employee_cannot_access_customers_summary" time="0.064" /><testcase classname="backend.tests.test_daftari_v2.TestEmployeeScopedData" name="test_employee_sees_owner_customers_and_scoped_writes" time="0.400" /><testcase classname="backend.tests.test_daftari_v2.TestPermissionsMatrix" name="test_owner_can_update_own_customer_max_debt" time="0.157" /></testsuite></testsuites>