<?xml version="1.0" encoding="utf-8"?><testsuites name="pytest tests"><testsuite name="pytest" errors="0" failures="0" skipped="0" tests="25" time="3.110" timestamp="2026-07-18T14:40:32.321870+00:00" hostname="agent-env-d998bfbb-c067-405d-8ce4-f1202ccfb942"><testcase classname="backend.tests.test_daftari_v9.TestSetup" name="test_setup_customer_and_tx" time="0.550" /><testcase classname="backend.tests.test_daftari_v9.TestUpdateTransaction" name="test_owner_updates_amount_and_notes" time="0.045" /><testcase classname="backend.tests.test_daftari_v9.TestUpdateTransaction" name="test_list_reflects_update" time="0.046" /><testcase classname="backend.tests.test_daftari_v9.TestUpdateTransaction" name="test_zero_amount_400" time="0.046" /><testcase classname="backend.tests.test_daftari_v9.TestUpdateTransaction" name="test_negative_amount_400" time="0.043" /><testcase classname="backend.tests.test_daftari_v9.TestUpdateTransaction" name="test_empty_body_400" time="0.045" /><testcase classname="backend.tests.test_daftari_v9.TestUpdateTransaction" name="test_missing_id_404" time="0.047" /><testcase classname="backend.tests.test_daftari_v9.TestUpdateTransaction" name="test_admin_can_edit_owner_tx" time="0.313" /><testcase classname="backend.tests.test_daftari_v9.TestUpdateTransaction" name="test_revert_amount" time="0.044" /><testcase classname="backend.tests.test_daftari_v9.TestEmployeeStoreLock" name="test_owner_creates_second_store" time="0.087" /><testcase classname="backend.tests.test_daftari_v9.TestEmployeeStoreLock" name="test_create_employee" time="0.269" /><testcase classname="backend.tests.test_daftari_v9.TestEmployeeStoreLock" name="test_employee_login" time="0.266" /><testcase classname="backend.tests.test_daftari_v9.TestEmployeeStoreLock" name="test_employee_sees_only_one_store" time="0.044" /><testcase classname="backend.tests.test_daftari_v9.TestEmployeeStoreLock" name="test_employee_create_customer_store_override" time="0.045" /><testcase classname="backend.tests.test_daftari_v9.TestEmployeeStoreLock" name="test_employee_create_transaction_store_override" time="0.048" /><testcase classname="backend.tests.test_daftari_v9.TestEmployeeStoreLock" name="test_employee_forbidden_to_edit_tx" time="0.046" /><testcase classname="backend.tests.test_daftari_v9.TestEmployeeStoreLock" name="test_employee_forbidden_to_delete_tx" time="0.042" /><testcase classname="backend.tests.test_daftari_v9.TestDeleteRegression" name="test_owner_can_delete_emp_tx" time="0.045" /><testcase classname="backend.tests.test_daftari_v9.TestAdminConfigRegression" name="test_public_config" time="0.041" /><testcase classname="backend.tests.test_daftari_v9.TestAdminConfigRegression" name="test_admin_config_get" time="0.044" /><testcase classname="backend.tests.test_daftari_v9.TestAdminConfigRegression" name="test_admin_config_put_noop_preserves" time="0.085" /><testcase classname="backend.tests.test_daftari_v9.TestSubscriptionAdminRegression" name="test_activate_extend_deactivate" time="0.450" /><testcase classname="backend.tests.test_daftari_v9.TestZZZCleanup" name="test_cleanup_employee" time="0.102" /><testcase classname="backend.tests.test_daftari_v9.TestZZZCleanup" name="test_cleanup_second_store" time="0.127" /><testcase classname="backend.tests.test_daftari_v9.TestZZZCleanup" name="test_cleanup_seed_tx_and_customer" time="0.045" /></testsuite></testsuites>