<?xml version="1.0" encoding="utf-8"?><testsuites name="pytest tests"><testsuite name="pytest" errors="0" failures="0" skipped="0" tests="15" time="6.704" timestamp="2026-07-17T21:39:49.424714+00:00" hostname="agent-env-d998bfbb-c067-405d-8ce4-f1202ccfb942"><testcase classname="backend.tests.test_daftari_v4.TestMultiStore" name="test_default_store_on_register" time="0.560" /><testcase classname="backend.tests.test_daftari_v4.TestMultiStore" name="test_create_update_store" time="0.104" /><testcase classname="backend.tests.test_daftari_v4.TestMultiStore" name="test_delete_last_store_forbidden" time="0.398" /><testcase classname="backend.tests.test_daftari_v4.TestMultiStore" name="test_delete_cascades" time="0.247" /><testcase classname="backend.tests.test_daftari_v4.TestMultiStore" name="test_data_scoped_by_store" time="0.199" /><testcase classname="backend.tests.test_daftari_v4.TestPartyType" name="test_supplier_filter_and_defaults" time="0.328" /><testcase classname="backend.tests.test_daftari_v4.TestPartyType" name="test_summary_by_party_type" time="0.197" /><testcase classname="backend.tests.test_daftari_v4.TestVerificationCode" name="test_owner_generates_code" time="0.054" /><testcase classname="backend.tests.test_daftari_v4.TestVerificationCode" name="test_employee_cannot_generate" time="0.598" /><testcase classname="backend.tests.test_daftari_v4.TestVerificationCode" name="test_employee_change_pw_flow" time="1.630" /><testcase classname="backend.tests.test_daftari_v4.TestVerificationCode" name="test_owner_change_pw_no_code_needed" time="0.774" /><testcase classname="backend.tests.test_daftari_v4.TestForgotPin" name="test_forgot_pin_no_enumeration" time="0.049" /><testcase classname="backend.tests.test_daftari_v4.TestForgotPin" name="test_forgot_and_reset_owner" time="1.337" /><testcase classname="backend.tests.test_daftari_v4.TestForgotPin" name="test_admin_reset_codes_super_admin_only" time="0.049" /><testcase classname="backend.tests.test_daftari_v4.TestForgotPin" name="test_forgot_pin_ignores_employee" time="0.102" /></testsuite></testsuites>