<?xml version="1.0" encoding="utf-8"?><testsuites name="pytest tests"><testsuite name="pytest" errors="0" failures="0" skipped="0" tests="10" time="4.820" timestamp="2026-07-18T00:33:49.097743+00:00" hostname="agent-env-d998bfbb-c067-405d-8ce4-f1202ccfb942"><testcase classname="backend.tests.test_daftari_v5.TestManualOTPTestuser" name="test_forgot_pin_shape" time="0.569" /><testcase classname="backend.tests.test_daftari_v5.TestManualOTPTestuser" name="test_admin_reset_codes_lists_testuser" time="0.326" /><testcase classname="backend.tests.test_daftari_v5.TestManualOTPTestuser" name="test_admin_reset_codes_forbidden_for_owner" time="0.325" /><testcase classname="backend.tests.test_daftari_v5.TestManualOTPTestuser" name="test_reset_pin_wrong_code_400" time="0.049" /><testcase classname="backend.tests.test_daftari_v5.TestManualOTPTestuser" name="test_reset_pin_success_and_restore" time="1.357" /><testcase classname="backend.tests.test_daftari_v5.TestManualOTPTestuser" name="test_forgot_pin_employee_silent" time="0.671" /><testcase classname="backend.tests.test_daftari_v5.TestLegacyCustomer" name="test_list_customers_does_not_500" time="0.324" /><testcase classname="backend.tests.test_daftari_v5.TestLegacyCustomer" name="test_get_customer_by_id_migrates_legacy" time="0.326" /><testcase classname="backend.tests.test_daftari_v5.TestLegacyCustomer" name="test_list_customers_after_migration_shows_it" time="0.374" /><testcase classname="backend.tests.test_daftari_v5.TestLegacyCustomer" name="test_transactions_endpoint_empty_ok" time="0.326" /></testsuite></testsuites>