<?xml version="1.0" encoding="utf-8"?><testsuites name="pytest tests"><testsuite name="pytest" errors="0" failures="0" skipped="0" tests="7" time="3.555" timestamp="2026-07-17T21:08:36.297479+00:00" hostname="agent-env-d998bfbb-c067-405d-8ce4-f1202ccfb942"><testcase classname="backend.tests.test_change_password.TestChangePassword" name="test_requires_auth" time="0.255" /><testcase classname="backend.tests.test_change_password.TestChangePassword" name="test_wrong_current_returns_400_arabic" time="0.573" /><testcase classname="backend.tests.test_change_password.TestChangePassword" name="test_short_new_password_returns_400" time="0.059" /><testcase classname="backend.tests.test_change_password.TestChangePassword" name="test_change_success_and_login_with_new" time="1.557" /><testcase classname="backend.tests.test_change_password.TestRegression" name="test_customer_crud" time="0.683" /><testcase classname="backend.tests.test_change_password.TestRegression" name="test_config_still_public" time="0.057" /><testcase classname="backend.tests.test_change_password.TestRegression" name="test_admin_endpoints_intact" time="0.325" /></testsuite></testsuites>