<?xml version="1.0" encoding="utf-8"?><testsuites name="pytest tests"><testsuite name="pytest" errors="0" failures="0" skipped="0" tests="13" time="2.497" timestamp="2026-07-18T02:39:28.091041+00:00" hostname="agent-env-d998bfbb-c067-405d-8ce4-f1202ccfb942"><testcase classname="backend.tests.test_daftari_v7.TestProfileUpdate" name="test_admin_updates_own_profile" time="0.546" /><testcase classname="backend.tests.test_daftari_v7.TestProfileUpdate" name="test_me_reflects_updated_admin_profile" time="0.042" /><testcase classname="backend.tests.test_daftari_v7.TestProfileUpdate" name="test_testuser_updates_own_profile" time="0.311" /><testcase classname="backend.tests.test_daftari_v7.TestProfileUpdate" name="test_whitespace_clears_to_null" time="0.086" /><testcase classname="backend.tests.test_daftari_v7.TestProfileUpdate" name="test_missing_authorization_returns_401" time="0.040" /><testcase classname="backend.tests.test_daftari_v7.TestProfileUpdate" name="test_locked_owner_can_still_update_profile" time="0.449" /><testcase classname="backend.tests.test_daftari_v7.TestAdminOpsRegression" name="test_activate_extend_deactivate" time="0.404" /><testcase classname="backend.tests.test_daftari_v7.TestExistingRegression" name="test_login_returns_new_fields" time="0.276" /><testcase classname="backend.tests.test_daftari_v7.TestExistingRegression" name="test_me_returns_new_fields" time="0.055" /><testcase classname="backend.tests.test_daftari_v7.TestExistingRegression" name="test_customers_listing_works" time="0.059" /><testcase classname="backend.tests.test_daftari_v7.TestZZZRestore" name="test_restore_admin" time="0.043" /><testcase classname="backend.tests.test_daftari_v7.TestZZZRestore" name="test_restore_testuser" time="0.042" /><testcase classname="backend.tests.test_daftari_v7.TestZZZRestore" name="test_cleanup_v7_users" time="0.002" /></testsuite></testsuites>