<?xml version="1.0" encoding="utf-8"?><testsuites name="pytest tests"><testsuite name="pytest" errors="0" failures="0" skipped="0" tests="18" time="2.515" timestamp="2026-07-18T03:00:13.869605+00:00" hostname="agent-env-d998bfbb-c067-405d-8ce4-f1202ccfb942"><testcase classname="backend.tests.test_daftari_v8.TestPublicConfig" name="test_get_public_config_before_any_update" time="0.597" /><testcase classname="backend.tests.test_daftari_v8.TestPublicConfig" name="test_reads_from_app_config_collection_after_update" time="0.148" /><testcase classname="backend.tests.test_daftari_v8.TestAdminGetConfig" name="test_admin_gets_config" time="0.046" /><testcase classname="backend.tests.test_daftari_v8.TestAdminGetConfig" name="test_owner_forbidden" time="0.318" /><testcase classname="backend.tests.test_daftari_v8.TestAdminGetConfig" name="test_unauth_401" time="0.047" /><testcase classname="backend.tests.test_daftari_v8.TestAdminUpdateConfig" name="test_valid_full_update" time="0.101" /><testcase classname="backend.tests.test_daftari_v8.TestAdminUpdateConfig" name="test_partial_price_preserves_limit" time="0.105" /><testcase classname="backend.tests.test_daftari_v8.TestAdminUpdateConfig" name="test_partial_limit_preserves_price" time="0.099" /><testcase classname="backend.tests.test_daftari_v8.TestAdminUpdateConfig" name="test_empty_body_400" time="0.048" /><testcase classname="backend.tests.test_daftari_v8.TestAdminUpdateConfig" name="test_negative_price_400" time="0.047" /><testcase classname="backend.tests.test_daftari_v8.TestAdminUpdateConfig" name="test_zero_limit_400" time="0.047" /><testcase classname="backend.tests.test_daftari_v8.TestAdminUpdateConfig" name="test_owner_put_forbidden" time="0.048" /><testcase classname="backend.tests.test_daftari_v8.TestDynamicLock" name="test_register_fresh_owner" time="0.331" /><testcase classname="backend.tests.test_daftari_v8.TestDynamicLock" name="test_seed_5_customers_and_lock_at_limit_5" time="0.146" /><testcase classname="backend.tests.test_daftari_v8.TestDynamicLock" name="test_raise_limit_to_10_unlocks" time="0.100" /><testcase classname="backend.tests.test_daftari_v8.TestDynamicLock" name="test_drop_limit_to_3_relocks" time="0.097" /><testcase classname="backend.tests.test_daftari_v8.TestZZZRestore" name="test_restore_defaults" time="0.050" /><testcase classname="backend.tests.test_daftari_v8.TestZZZRestore" name="test_cleanup_v8_users" time="0.003" /></testsuite></testsuites>