<?xml version="1.0" encoding="utf-8"?><testsuites name="pytest tests"><testsuite name="pytest" errors="0" failures="0" skipped="0" tests="17" time="6.736" timestamp="2026-07-18T01:59:48.481389+00:00" hostname="agent-env-d998bfbb-c067-405d-8ce4-f1202ccfb942"><testcase classname="backend.tests.test_daftari_v6.TestResponseShape" name="test_login_me_shape_testuser" time="0.562" /><testcase classname="backend.tests.test_daftari_v6.TestRegistrationOpen" name="test_new_owner_active_and_zero_count" time="0.273" /><testcase classname="backend.tests.test_daftari_v6.TestFreeTierLock" name="test_initial_state" time="0.311" /><testcase classname="backend.tests.test_daftari_v6.TestFreeTierLock" name="test_9_customers_still_unlocked" time="0.495" /><testcase classname="backend.tests.test_daftari_v6.TestFreeTierLock" name="test_10th_customer_locks" time="0.087" /><testcase classname="backend.tests.test_daftari_v6.TestFreeTierLock" name="test_11th_customer_forbidden" time="0.047" /><testcase classname="backend.tests.test_daftari_v6.TestFreeTierLock" name="test_me_still_200_when_locked" time="0.043" /><testcase classname="backend.tests.test_daftari_v6.TestSuppliersExcluded" name="test_10_suppliers_no_lock" time="0.841" /><testcase classname="backend.tests.test_daftari_v6.TestMultiStoreMax" name="test_max_across_stores" time="1.168" /><testcase classname="backend.tests.test_daftari_v6.TestAdminSubscriptionOps" name="test_activate_grants_30_days" time="1.104" /><testcase classname="backend.tests.test_daftari_v6.TestAdminSubscriptionOps" name="test_extend_adds_30_days_on_top" time="0.050" /><testcase classname="backend.tests.test_daftari_v6.TestAdminSubscriptionOps" name="test_extend_forbidden_for_non_admin" time="0.318" /><testcase classname="backend.tests.test_daftari_v6.TestAdminSubscriptionOps" name="test_deactivate_clears_expiry" time="0.086" /><testcase classname="backend.tests.test_daftari_v6.TestAdminSubscriptionOps" name="test_expired_subscription_relocks" time="0.805" /><testcase classname="backend.tests.test_daftari_v6.TestAdminListShape" name="test_admin_list_has_new_fields" time="0.054" /><testcase classname="backend.tests.test_daftari_v6.TestCleanup" name="test_testuser_still_works_and_unlocked" time="0.306" /><testcase classname="backend.tests.test_daftari_v6.TestCleanup" name="test_zzz_cleanup_v6_users" time="0.004" /></testsuite></testsuites>