<?xml version="1.0" encoding="utf-8"?><testsuites name="pytest tests"><testsuite name="pytest" errors="0" failures="0" skipped="0" tests="10" time="3.388" timestamp="2026-07-14T22:05:19.938659+00:00" hostname="agent-env-d998bfbb-c067-405d-8ce4-f1202ccfb942"><testcase classname="backend.tests.test_daftari_backend.TestHealth" name="test_api_root" time="0.266" /><testcase classname="backend.tests.test_daftari_backend.TestAuth" name="test_register_returns_token_and_user" time="0.316" /><testcase classname="backend.tests.test_daftari_backend.TestAuth" name="test_register_duplicate_username_fails" time="0.065" /><testcase classname="backend.tests.test_daftari_backend.TestAuth" name="test_login_success" time="0.287" /><testcase classname="backend.tests.test_daftari_backend.TestAuth" name="test_login_wrong_password" time="0.285" /><testcase classname="backend.tests.test_daftari_backend.TestAuth" name="test_login_unknown_user" time="0.065" /><testcase classname="backend.tests.test_daftari_backend.TestAuth" name="test_me_with_valid_token" time="0.061" /><testcase classname="backend.tests.test_daftari_backend.TestAuth" name="test_me_without_token" time="0.186" /><testcase classname="backend.tests.test_daftari_backend.TestCustomersTransactions" name="test_full_flow" time="1.155" /><testcase classname="backend.tests.test_daftari_backend.TestIsolation" name="test_user_b_cannot_see_user_a_customer" time="0.636" /></testsuite></testsuites>