<?xml version="1.0" encoding="utf-8"?><testsuites name="pytest tests"><testsuite name="pytest" errors="0" failures="0" skipped="0" tests="13" time="2.284" timestamp="2026-07-18T21:16:09.581557+00:00" hostname="agent-env-d998bfbb-c067-405d-8ce4-f1202ccfb942"><testcase classname="backend.tests.test_daftari_v10.TestAResetToDefaults" name="test_reset_before" time="0.625" /><testcase classname="backend.tests.test_daftari_v10.TestBGetDefaults" name="test_get_returns_defaults" time="0.053" /><testcase classname="backend.tests.test_daftari_v10.TestCPutEachTemplate" name="test_put_individual_template[customer_debt_template]" time="0.157" /><testcase classname="backend.tests.test_daftari_v10.TestCPutEachTemplate" name="test_put_individual_template[customer_payment_template]" time="0.161" /><testcase classname="backend.tests.test_daftari_v10.TestCPutEachTemplate" name="test_put_individual_template[supplier_debt_template]" time="0.164" /><testcase classname="backend.tests.test_daftari_v10.TestCPutEachTemplate" name="test_put_individual_template[supplier_payment_template]" time="0.153" /><testcase classname="backend.tests.test_daftari_v10.TestDPutSupplierDebtIsolated" name="test_put_supplier_debt_only" time="0.106" /><testcase classname="backend.tests.test_daftari_v10.TestEEmployeeForbidden" name="test_create_employee" time="0.279" /><testcase classname="backend.tests.test_daftari_v10.TestEEmployeeForbidden" name="test_employee_login" time="0.275" /><testcase classname="backend.tests.test_daftari_v10.TestEEmployeeForbidden" name="test_employee_can_get_settings" time="0.054" /><testcase classname="backend.tests.test_daftari_v10.TestEEmployeeForbidden" name="test_employee_put_forbidden" time="0.050" /><testcase classname="backend.tests.test_daftari_v10.TestZZZRestoreAndCleanup" name="test_restore_defaults" time="0.102" /><testcase classname="backend.tests.test_daftari_v10.TestZZZRestoreAndCleanup" name="test_cleanup_employee" time="0.051" /></testsuite></testsuites>